Determining if the pthread_create exist failed with the following output:
Change Dir: /home/jerry7017/Robotics_Portfolio/Go-Chase-It-/build/CMakeFiles/CMakeTmp

Run Build Command:"/usr/bin/make" "cmTC_f660d/fast"
/usr/bin/make -f CMakeFiles/cmTC_f660d.dir/build.make CMakeFiles/cmTC_f660d.dir/build
make[1]: Entering directory '/home/jerry7017/Robotics_Portfolio/Go-Chase-It-/build/CMakeFiles/CMakeTmp'
Building C object CMakeFiles/cmTC_f660d.dir/CheckSymbolExists.c.o
/usr/bin/cc     -o CMakeFiles/cmTC_f660d.dir/CheckSymbolExists.c.o   -c /home/jerry7017/Robotics_Portfolio/Go-Chase-It-/build/CMakeFiles/CMakeTmp/CheckSymbolExists.c
Linking C executable cmTC_f660d
/usr/bin/cmake -E cmake_link_script CMakeFiles/cmTC_f660d.dir/link.txt --verbose=1
/usr/bin/cc       CMakeFiles/cmTC_f660d.dir/CheckSymbolExists.c.o  -o cmTC_f660d -rdynamic 
CMakeFiles/cmTC_f660d.dir/CheckSymbolExists.c.o: In function `main':
CheckSymbolExists.c:(.text+0x16): undefined reference to `pthread_create'
collect2: error: ld returned 1 exit status
CMakeFiles/cmTC_f660d.dir/build.make:97: recipe for target 'cmTC_f660d' failed
make[1]: *** [cmTC_f660d] Error 1
make[1]: Leaving directory '/home/jerry7017/Robotics_Portfolio/Go-Chase-It-/build/CMakeFiles/CMakeTmp'
Makefile:126: recipe for target 'cmTC_f660d/fast' failed
make: *** [cmTC_f660d/fast] Error 2

File /home/jerry7017/Robotics_Portfolio/Go-Chase-It-/build/CMakeFiles/CMakeTmp/CheckSymbolExists.c:
/* */
#include <pthread.h>

int main(int argc, char** argv)
{
  (void)argv;
#ifndef pthread_create
  return ((int*)(&pthread_create))[argc];
#else
  (void)argc;
  return 0;
#endif
}

Determining if the function pthread_create exists in the pthreads failed with the following output:
Change Dir: /home/jerry7017/Robotics_Portfolio/Go-Chase-It-/build/CMakeFiles/CMakeTmp

Run Build Command:"/usr/bin/make" "cmTC_abdd1/fast"
/usr/bin/make -f CMakeFiles/cmTC_abdd1.dir/build.make CMakeFiles/cmTC_abdd1.dir/build
make[1]: Entering directory '/home/jerry7017/Robotics_Portfolio/Go-Chase-It-/build/CMakeFiles/CMakeTmp'
Building C object CMakeFiles/cmTC_abdd1.dir/CheckFunctionExists.c.o
/usr/bin/cc    -DCHECK_FUNCTION_EXISTS=pthread_create   -o CMakeFiles/cmTC_abdd1.dir/CheckFunctionExists.c.o   -c /usr/share/cmake-3.5/Modules/CheckFunctionExists.c
Linking C executable cmTC_abdd1
/usr/bin/cmake -E cmake_link_script CMakeFiles/cmTC_abdd1.dir/link.txt --verbose=1
/usr/bin/cc   -DCHECK_FUNCTION_EXISTS=pthread_create    CMakeFiles/cmTC_abdd1.dir/CheckFunctionExists.c.o  -o cmTC_abdd1 -rdynamic -lpthreads 
/usr/bin/ld: cannot find -lpthreads
collect2: error: ld returned 1 exit status
CMakeFiles/cmTC_abdd1.dir/build.make:97: recipe for target 'cmTC_abdd1' failed
make[1]: *** [cmTC_abdd1] Error 1
make[1]: Leaving directory '/home/jerry7017/Robotics_Portfolio/Go-Chase-It-/build/CMakeFiles/CMakeTmp'
Makefile:126: recipe for target 'cmTC_abdd1/fast' failed
make: *** [cmTC_abdd1/fast] Error 2


